<?xml version="1.0" encoding="UTF-8"?>
<!-- Generated by org.testng.reporters.JUnitXMLReporter -->
<testsuite ignored="2" hostname="MAHESH-ADEPU" failures="0" tests="0" name="Test" time="0.38" errors="0" timestamp="2024-10-01T13:22:20 IST">
  <testcase classname="testcases.Tc03_LoginDDT" name="verify_loginDDT" time="0.0">
    <ignored/>
  </testcase> <!-- verify_loginDDT -->
  <testcase classname="testcases.Tc02_LoginTest" name="verify_Login" time="0.0">
    <ignored/>
  </testcase> <!-- verify_Login -->
</testsuite> <!-- Test -->
