<?xml version="1.0" encoding="UTF-8"?>
<!-- Generated by org.testng.reporters.JUnitXMLReporter -->
<testsuite ignored="0" hostname="MAHESH-ADEPU" failures="0" tests="4" name="Test" time="64.695" errors="0" timestamp="2024-10-05T15:00:09 IST">
  <testcase classname="testcases.Tc01_AccountRegistractionTest" name="verify_Acc_Registration" time="6.123"/>
  <testcase classname="testcases.Tc02_LoginTest" name="verify_Login" time="2.877"/>
  <testcase classname="testcases.Tc03_LoginDDT" name="verify_loginDDT" time="6.482"/>
  <testcase classname="testcases.Tc03_LoginDDT" name="verify_loginDDT" time="1.334"/>
</testsuite> <!-- Test -->
