<?xml version="1.0" encoding="UTF-8"?>
<!-- Generated by org.testng.reporters.JUnitXMLReporter -->
<testsuite ignored="0" hostname="MAHESH-ADEPU" failures="0" tests="4" name="Test" time="70.0" errors="0" timestamp="2024-10-05T23:36:20 IST">
  <testcase classname="testcases.Tc01_AccountRegistractionTest" name="verify_Acc_Registration" time="9.732"/>
  <testcase classname="testcases.Tc02_LoginTest" name="verify_Login" time="4.541"/>
  <testcase classname="testcases.Tc03_LoginDDT" name="verify_loginDDT" time="6.873"/>
  <testcase classname="testcases.Tc03_LoginDDT" name="verify_loginDDT" time="3.354"/>
</testsuite> <!-- Test -->
