<?xml version="1.0" encoding="UTF-8"?>
<!-- Generated by org.testng.reporters.JUnitXMLReporter -->
<testsuite ignored="0" hostname="MAHESH-ADEPU" failures="0" tests="4" name="Test" time="62.597" errors="0" timestamp="2024-10-05T22:30:03 IST">
  <testcase classname="testcases.Tc01_AccountRegistractionTest" name="verify_Acc_Registration" time="13.419"/>
  <testcase classname="testcases.Tc02_LoginTest" name="verify_Login" time="7.695"/>
  <testcase classname="testcases.Tc03_LoginDDT" name="verify_loginDDT" time="5.371"/>
  <testcase classname="testcases.Tc03_LoginDDT" name="verify_loginDDT" time="3.801"/>
</testsuite> <!-- Test -->
