<?xml version="1.0" encoding="UTF-8"?>
<testng-results ignored="0" total="4" passed="4" failed="0" skipped="0">
  <reporter-output>
  </reporter-output>
  <suite started-at="2024-10-05T23:35:02 IST" name="Suite" finished-at="2024-10-05T23:36:12 IST" duration-ms="70000">
    <groups>
      <group name="Master">
        <method signature="Tc02_LoginTest.verify_Login()[pri:0, instance:testcases.Tc02_LoginTest@49d3c823]" name="verify_Login" class="testcases.Tc02_LoginTest"/>
        <method signature="Tc03_LoginDDT.verify_loginDDT(java.lang.String,java.lang.String,java.lang.String)[pri:0, instance:testcases.Tc03_LoginDDT@436bc36]" name="verify_loginDDT" class="testcases.Tc03_LoginDDT"/>
      </group> <!-- Master -->
      <group name="Regression">
        <method signature="Tc02_LoginTest.verify_Login()[pri:0, instance:testcases.Tc02_LoginTest@49d3c823]" name="verify_Login" class="testcases.Tc02_LoginTest"/>
      </group> <!-- Regression -->
      <group name="sanity">
        <method signature="Tc01_AccountRegistractionTest.verify_Acc_Registration()[pri:0, instance:testcases.Tc01_AccountRegistractionTest@32193bea]" name="verify_Acc_Registration" class="testcases.Tc01_AccountRegistractionTest"/>
        <method signature="Tc03_LoginDDT.verify_loginDDT(java.lang.String,java.lang.String,java.lang.String)[pri:0, instance:testcases.Tc03_LoginDDT@436bc36]" name="verify_loginDDT" class="testcases.Tc03_LoginDDT"/>
      </group> <!-- sanity -->
      <group name="Datadriven">
        <method signature="Tc03_LoginDDT.verify_loginDDT(java.lang.String,java.lang.String,java.lang.String)[pri:0, instance:testcases.Tc03_LoginDDT@436bc36]" name="verify_loginDDT" class="testcases.Tc03_LoginDDT"/>
      </group> <!-- Datadriven -->
    </groups>
    <test started-at="2024-10-05T23:35:02 IST" name="Test" finished-at="2024-10-05T23:36:12 IST" duration-ms="70000">
      <class name="testcases.Tc01_AccountRegistractionTest">
        <test-method is-config="true" signature="setup(java.lang.String,java.lang.String)[pri:0, instance:testcases.Tc01_AccountRegistractionTest@32193bea]" started-at="2024-10-05T23:35:05 IST" name="setup" finished-at="2024-10-05T23:35:31 IST" duration-ms="26644" status="PASS">
          <params>
            <param index="0">
              <value>
                <![CDATA[Windows]]>
              </value>
            </param>
            <param index="1">
              <value>
                <![CDATA[chrome]]>
              </value>
            </param>
          </params>
          <reporter-output>
          </reporter-output>
        </test-method> <!-- setup -->
        <test-method signature="verify_Acc_Registration()[pri:0, instance:testcases.Tc01_AccountRegistractionTest@32193bea]" started-at="2024-10-05T23:35:31 IST" name="verify_Acc_Registration" finished-at="2024-10-05T23:35:41 IST" duration-ms="9732" status="PASS">
          <reporter-output>
          </reporter-output>
        </test-method> <!-- verify_Acc_Registration -->
        <test-method is-config="true" signature="teardown()[pri:0, instance:testcases.Tc01_AccountRegistractionTest@32193bea]" started-at="2024-10-05T23:35:41 IST" name="teardown" finished-at="2024-10-05T23:35:42 IST" duration-ms="794" status="PASS">
          <reporter-output>
          </reporter-output>
        </test-method> <!-- teardown -->
      </class> <!-- testcases.Tc01_AccountRegistractionTest -->
      <class name="testcases.Tc03_LoginDDT">
        <test-method is-config="true" signature="setup(java.lang.String,java.lang.String)[pri:0, instance:testcases.Tc03_LoginDDT@436bc36]" started-at="2024-10-05T23:35:53 IST" name="setup" finished-at="2024-10-05T23:35:58 IST" duration-ms="4700" status="PASS">
          <params>
            <param index="0">
              <value>
                <![CDATA[Windows]]>
              </value>
            </param>
            <param index="1">
              <value>
                <![CDATA[chrome]]>
              </value>
            </param>
          </params>
          <reporter-output>
          </reporter-output>
        </test-method> <!-- setup -->
        <test-method signature="verify_loginDDT(java.lang.String,java.lang.String,java.lang.String)[pri:0, instance:testcases.Tc03_LoginDDT@436bc36]" started-at="2024-10-05T23:36:01 IST" name="verify_loginDDT" data-provider="LoginData" finished-at="2024-10-05T23:36:08 IST" duration-ms="6873" status="PASS">
          <params>
            <param index="0">
              <value>
                <![CDATA[firstemail@mailinator.com]]>
              </value>
            </param>
            <param index="1">
              <value>
                <![CDATA[mahesh@12]]>
              </value>
            </param>
            <param index="2">
              <value>
                <![CDATA[Valid]]>
              </value>
            </param>
          </params>
          <reporter-output>
          </reporter-output>
        </test-method> <!-- verify_loginDDT -->
        <test-method signature="verify_loginDDT(java.lang.String,java.lang.String,java.lang.String)[pri:0, instance:testcases.Tc03_LoginDDT@436bc36]" started-at="2024-10-05T23:36:08 IST" name="verify_loginDDT" data-provider="LoginData" finished-at="2024-10-05T23:36:11 IST" duration-ms="3354" status="PASS">
          <params>
            <param index="0">
              <value>
                <![CDATA[firstemail@mailinator.com]]>
              </value>
            </param>
            <param index="1">
              <value>
                <![CDATA[mahesh@13]]>
              </value>
            </param>
            <param index="2">
              <value>
                <![CDATA[InValid]]>
              </value>
            </param>
          </params>
          <reporter-output>
          </reporter-output>
        </test-method> <!-- verify_loginDDT -->
        <test-method is-config="true" signature="teardown()[pri:0, instance:testcases.Tc03_LoginDDT@436bc36]" started-at="2024-10-05T23:36:11 IST" name="teardown" finished-at="2024-10-05T23:36:12 IST" duration-ms="510" status="PASS">
          <reporter-output>
          </reporter-output>
        </test-method> <!-- teardown -->
      </class> <!-- testcases.Tc03_LoginDDT -->
      <class name="testcases.Tc02_LoginTest">
        <test-method is-config="true" signature="setup(java.lang.String,java.lang.String)[pri:0, instance:testcases.Tc02_LoginTest@49d3c823]" started-at="2024-10-05T23:35:42 IST" name="setup" finished-at="2024-10-05T23:35:48 IST" duration-ms="6018" status="PASS">
          <params>
            <param index="0">
              <value>
                <![CDATA[Windows]]>
              </value>
            </param>
            <param index="1">
              <value>
                <![CDATA[chrome]]>
              </value>
            </param>
          </params>
          <reporter-output>
          </reporter-output>
        </test-method> <!-- setup -->
        <test-method signature="verify_Login()[pri:0, instance:testcases.Tc02_LoginTest@49d3c823]" started-at="2024-10-05T23:35:48 IST" name="verify_Login" finished-at="2024-10-05T23:35:52 IST" duration-ms="4541" status="PASS">
          <reporter-output>
          </reporter-output>
        </test-method> <!-- verify_Login -->
        <test-method is-config="true" signature="teardown()[pri:0, instance:testcases.Tc02_LoginTest@49d3c823]" started-at="2024-10-05T23:35:52 IST" name="teardown" finished-at="2024-10-05T23:35:53 IST" duration-ms="405" status="PASS">
          <reporter-output>
          </reporter-output>
        </test-method> <!-- teardown -->
      </class> <!-- testcases.Tc02_LoginTest -->
    </test> <!-- Test -->
  </suite> <!-- Suite -->
</testng-results>
