<?xml version="1.0" encoding="UTF-8"?>
<testng-results ignored="0" total="1" passed="1" failed="0" skipped="0">
  <reporter-output>
  </reporter-output>
  <suite started-at="2024-11-24T23:34:04 IST" name="Failed suite [Suite]" finished-at="2024-11-24T23:34:26 IST" duration-ms="21979">
    <groups>
      <group name="special">
        <method signature="HighLightElement.highLightElement()[pri:0, instance:testcases.HighLightElement@6b98a075]" name="highLightElement" class="testcases.HighLightElement"/>
      </group> <!-- special -->
    </groups>
    <test started-at="2024-11-24T23:34:04 IST" name="Test(failed)" finished-at="2024-11-24T23:34:26 IST" duration-ms="21979">
      <class name="testcases.HighLightElement">
        <test-method is-config="true" signature="setup(java.lang.String,java.lang.String)[pri:0, instance:testcases.HighLightElement@6b98a075]" started-at="2024-11-24T23:34:04 IST" name="setup" finished-at="2024-11-24T23:34:13 IST" duration-ms="8307" status="PASS">
          <params>
            <param index="0">
              <value>
                <![CDATA[Windows]]>
              </value>
            </param>
            <param index="1">
              <value>
                <![CDATA[chrome]]>
              </value>
            </param>
          </params>
          <reporter-output>
          </reporter-output>
        </test-method> <!-- setup -->
        <test-method signature="highLightElement()[pri:0, instance:testcases.HighLightElement@6b98a075]" started-at="2024-11-24T23:34:13 IST" name="highLightElement" finished-at="2024-11-24T23:34:23 IST" duration-ms="10141" status="PASS">
          <reporter-output>
          </reporter-output>
        </test-method> <!-- highLightElement -->
        <test-method is-config="true" signature="teardown()[pri:0, instance:testcases.HighLightElement@6b98a075]" started-at="2024-11-24T23:34:23 IST" name="teardown" finished-at="2024-11-24T23:34:26 IST" duration-ms="2330" status="PASS">
          <reporter-output>
          </reporter-output>
        </test-method> <!-- teardown -->
      </class> <!-- testcases.HighLightElement -->
    </test> <!-- Test(failed) -->
  </suite> <!-- Failed suite [Suite] -->
</testng-results>
